<?xml version="1.0" encoding="UTF-8"?>
<!-- Generated by org.testng.reporters.JUnitReportReporter -->
<testsuite skipped="0" hostname="shivprsi-w10" name="com.test.scripts.fetchWords" tests="1" failures="0" timestamp="2021-07-16T17:50:45 IST" time="0.104" errors="0">
  <testcase name="FindAllDictWords" time="0.104" classname="com.test.scripts.fetchWords"/>
  <system-out/>
</testsuite> <!-- com.test.scripts.fetchWords -->
