<?xml version="1.0" encoding="UTF-8"?>
<!-- Generated by org.testng.reporters.JUnitReportReporter -->
<testsuite skipped="0" hostname="shivprsi-w10" name="com.test.scripts.fetchWords" tests="1" failures="0" timestamp="16 Jul 2021 12:21:38 GMT" time="0.086" errors="0">
  <testcase name="FindAllDictWords" time="0.086" classname="com.test.scripts.fetchWords"/>
</testsuite> <!-- com.test.scripts.fetchWords -->
